2014-09-11 01:20:55,310 - Refreshing org.springframework.context.support.FileSystemXmlApplicationContext@29b00e45: display name [org.springframework.context.support.FileSystemXmlApplicationContext@29b00e45]; startup date [Thu Sep 11 01:20:55 CST 2014]; root of context hierarchy
2014-09-11 01:20:55,521 - Loading XML bean definitions from file [D:\workspace\Lightning\Lightning-2014-0728\Lightning\lightning.datacenter\conf\application_context.xml]
2014-09-11 01:20:55,771 - Loading XML bean definitions from file [D:\workspace\Lightning\Lightning-2014-0728\Lightning\lightning.datacenter\conf\bean\bean.xml]
2014-09-11 01:20:55,901 - Loading XML bean definitions from class path resource [datacenter/data_source.xml]
2014-09-11 01:20:55,948 - Loading XML bean definitions from class path resource [datacenter/dao.xml]
2014-09-11 01:20:55,998 - Bean factory for application context [org.springframework.context.support.FileSystemXmlApplicationContext@29b00e45]: org.springframework.beans.factory.support.DefaultListableBeanFactory@15b6fd08
2014-09-11 01:20:56,139 - Loading properties file from file [D:\workspace\Lightning\Lightning-2014-0728\Lightning\lightning.datacenter\conf\project.properties]
2014-09-11 01:20:56,282 - Pre-instantiating singletons in org.springframework.beans.factory.support.DefaultListableBeanFactory@15b6fd08: defining beans [propertyConfigurer,org.springframework.context.annotation.internalCommonAnnotationProcessor,org.springframework.context.annotation.internalAutowiredAnnotationProcessor,org.springframework.context.annotation.internalRequiredAnnotationProcessor,dataSource,sqlMapClient,sensitiveWordDao,sensitiveWordTrendDao,consistentTopicDao,consistentTopicTrendDao,serverConfiguration,sortedKeyValueStoreEngine,hotwordManager,sensitiveWordManager,consistentTopicManager,hotWebTrendManager,appController,sensitiveWordImporter,consistentTopicImporter,hotwordImporter,hotWebImporter,dataImporterManager]; root of factory hierarchy
2014-09-11 13:53:50,315 - Refreshing org.springframework.context.support.FileSystemXmlApplicationContext@498f3db0: display name [org.springframework.context.support.FileSystemXmlApplicationContext@498f3db0]; startup date [Thu Sep 11 13:53:50 CST 2014]; root of context hierarchy
2014-09-11 13:53:50,506 - Loading XML bean definitions from file [D:\workspace\Lightning\Lightning-2014-0728\Lightning\lightning.datacenter\conf\application_context.xml]
2014-09-11 13:53:50,821 - Loading XML bean definitions from file [D:\workspace\Lightning\Lightning-2014-0728\Lightning\lightning.datacenter\conf\bean\bean.xml]
2014-09-11 13:53:51,067 - Loading XML bean definitions from class path resource [datacenter/data_source.xml]
2014-09-11 13:53:51,151 - Loading XML bean definitions from class path resource [datacenter/dao.xml]
2014-09-11 13:53:51,219 - Bean factory for application context [org.springframework.context.support.FileSystemXmlApplicationContext@498f3db0]: org.springframework.beans.factory.support.DefaultListableBeanFactory@4076c95b
2014-09-11 13:53:51,579 - Loading properties file from file [D:\workspace\Lightning\Lightning-2014-0728\Lightning\lightning.datacenter\conf\project.properties]
2014-09-11 13:53:51,731 - Pre-instantiating singletons in org.springframework.beans.factory.support.DefaultListableBeanFactory@4076c95b: defining beans [propertyConfigurer,org.springframework.context.annotation.internalCommonAnnotationProcessor,org.springframework.context.annotation.internalAutowiredAnnotationProcessor,org.springframework.context.annotation.internalRequiredAnnotationProcessor,dataSource,sqlMapClient,sensitiveWordDao,sensitiveWordTrendDao,consistentTopicDao,consistentTopicTrendDao,serverConfiguration,sortedKeyValueStoreEngine,hotwordManager,sensitiveWordManager,consistentTopicManager,hotWebTrendManager,appController,sensitiveWordImporter,consistentTopicImporter,hotwordImporter,hotWebImporter,dataImporterManager]; root of factory hierarchy
2014-09-11 13:54:31,027 - sensitive_importer be called, timestamp: 2014-08-12, start...
2014-09-11 13:54:32,694 - sensitive_importer be called, timestamp: 2014-08-12, game over, write 0 success
2014-09-11 13:54:50,237 - sensitive_importer be called, timestamp: 2014-08-13, start...
2014-09-11 13:54:50,249 - sensitive_importer be called, timestamp: 2014-08-13, game over, write 0 success
2014-09-11 13:54:51,235 - sensitive_importer be called, timestamp: 2014-08-14, start...
2014-09-11 13:54:51,244 - sensitive_importer be called, timestamp: 2014-08-14, game over, write 0 success
2014-09-11 13:54:52,134 - sensitive_importer be called, timestamp: 2014-08-15, start...
2014-09-11 13:54:52,148 - sensitive_importer be called, timestamp: 2014-08-15, game over, write 0 success
2014-09-11 13:54:52,786 - sensitive_importer be called, timestamp: 2014-08-16, start...
2014-09-11 13:54:52,798 - sensitive_importer be called, timestamp: 2014-08-16, game over, write 0 success
2014-09-11 13:54:53,352 - sensitive_importer be called, timestamp: 2014-08-17, start...
2014-09-11 13:54:53,360 - sensitive_importer be called, timestamp: 2014-08-17, game over, write 0 success
2014-09-11 13:54:53,887 - sensitive_importer be called, timestamp: 2014-08-18, start...
2014-09-11 13:54:53,900 - sensitive_importer be called, timestamp: 2014-08-18, game over, write 0 success
2014-09-11 13:54:54,334 - sensitive_importer be called, timestamp: 2014-08-19, start...
2014-09-11 13:54:54,342 - sensitive_importer be called, timestamp: 2014-08-19, game over, write 0 success
2014-09-11 13:54:54,834 - sensitive_importer be called, timestamp: 2014-08-20, start...
2014-09-11 13:54:54,845 - sensitive_importer be called, timestamp: 2014-08-20, game over, write 0 success
2014-09-11 13:54:55,328 - sensitive_importer be called, timestamp: 2014-08-21, start...
2014-09-11 13:54:55,340 - sensitive_importer be called, timestamp: 2014-08-21, game over, write 0 success
2014-09-11 13:54:55,889 - sensitive_importer be called, timestamp: 2014-08-22, start...
2014-09-11 13:54:55,900 - sensitive_importer be called, timestamp: 2014-08-22, game over, write 0 success
2014-09-11 13:54:56,469 - sensitive_importer be called, timestamp: 2014-08-23, start...
2014-09-11 13:54:56,480 - sensitive_importer be called, timestamp: 2014-08-23, game over, write 0 success
2014-09-11 13:54:57,034 - sensitive_importer be called, timestamp: 2014-08-24, start...
2014-09-11 13:54:57,045 - sensitive_importer be called, timestamp: 2014-08-24, game over, write 0 success
2014-09-11 13:54:57,647 - sensitive_importer be called, timestamp: 2014-08-25, start...
2014-09-11 13:54:57,657 - sensitive_importer be called, timestamp: 2014-08-25, game over, write 0 success
2014-09-11 13:54:58,366 - sensitive_importer be called, timestamp: 2014-08-26, start...
2014-09-11 13:54:58,377 - sensitive_importer be called, timestamp: 2014-08-26, game over, write 0 success
2014-09-11 13:54:58,927 - sensitive_importer be called, timestamp: 2014-08-27, start...
2014-09-11 13:54:58,947 - sensitive_importer be called, timestamp: 2014-08-27, game over, write 0 success
2014-09-11 13:54:59,552 - sensitive_importer be called, timestamp: 2014-08-28, start...
2014-09-11 13:54:59,562 - sensitive_importer be called, timestamp: 2014-08-28, game over, write 0 success
2014-09-11 13:55:00,227 - sensitive_importer be called, timestamp: 2014-08-29, start...
2014-09-11 13:55:00,235 - sensitive_importer be called, timestamp: 2014-08-29, game over, write 0 success
2014-09-11 13:55:00,916 - sensitive_importer be called, timestamp: 2014-08-30, start...
2014-09-11 13:55:00,926 - sensitive_importer be called, timestamp: 2014-08-30, game over, write 0 success
2014-09-11 13:55:05,610 - sensitive_importer be called, timestamp: 2014-08-31, start...
2014-09-11 13:55:05,619 - sensitive_importer be called, timestamp: 2014-08-31, game over, write 0 success
2014-09-11 13:55:07,581 - sensitive_importer be called, timestamp: 2014-09-01, start...
2014-09-11 13:55:07,589 - sensitive_importer be called, timestamp: 2014-09-01, game over, write 0 success
2014-09-11 13:55:08,410 - sensitive_importer be called, timestamp: 2014-09-02, start...
2014-09-11 13:55:08,419 - sensitive_importer be called, timestamp: 2014-09-02, game over, write 0 success
2014-09-11 13:55:09,084 - sensitive_importer be called, timestamp: 2014-09-03, start...
2014-09-11 13:55:09,096 - sensitive_importer be called, timestamp: 2014-09-03, game over, write 0 success
2014-09-11 13:55:10,860 - sensitive_importer be called, timestamp: 2014-09-04, start...
2014-09-11 13:55:51,716 - sensitive_importer be called, timestamp: 2014-09-04, game over, write 2 success
2014-09-11 14:36:42,840 - Refreshing org.springframework.context.support.FileSystemXmlApplicationContext@63c99dae: display name [org.springframework.context.support.FileSystemXmlApplicationContext@63c99dae]; startup date [Thu Sep 11 14:36:42 CST 2014]; root of context hierarchy
2014-09-11 14:36:43,000 - Loading XML bean definitions from file [D:\workspace\Lightning\Lightning-2014-0728\Lightning\lightning.datacenter\conf\application_context.xml]
2014-09-11 14:36:43,278 - Loading XML bean definitions from file [D:\workspace\Lightning\Lightning-2014-0728\Lightning\lightning.datacenter\conf\bean\bean.xml]
2014-09-11 14:36:43,441 - Loading XML bean definitions from class path resource [datacenter/data_source.xml]
2014-09-11 14:36:43,507 - Loading XML bean definitions from class path resource [datacenter/dao.xml]
2014-09-11 14:36:43,563 - Bean factory for application context [org.springframework.context.support.FileSystemXmlApplicationContext@63c99dae]: org.springframework.beans.factory.support.DefaultListableBeanFactory@7f1a241f
2014-09-11 14:36:43,751 - Loading properties file from file [D:\workspace\Lightning\Lightning-2014-0728\Lightning\lightning.datacenter\conf\project.properties]
2014-09-11 14:36:43,823 - Pre-instantiating singletons in org.springframework.beans.factory.support.DefaultListableBeanFactory@7f1a241f: defining beans [propertyConfigurer,org.springframework.context.annotation.internalCommonAnnotationProcessor,org.springframework.context.annotation.internalAutowiredAnnotationProcessor,org.springframework.context.annotation.internalRequiredAnnotationProcessor,dataSource,sqlMapClient,sensitiveWordDao,sensitiveWordTrendDao,consistentTopicDao,consistentTopicTrendDao,serverConfiguration,sortedKeyValueStoreEngine,hotwordManager,sensitiveWordManager,consistentTopicManager,hotWebTrendManager,appController,sensitiveWordImporter,consistentTopicImporter,hotwordImporter,hotWebImporter,dataImporterManager]; root of factory hierarchy
2014-09-11 14:37:07,409 - sensitive_importer be called, timestamp: 2014-08-12, start...
2014-09-11 14:37:08,091 - sensitive_importer be called, timestamp: 2014-08-12, game over, write 0 success
2014-09-11 14:37:21,057 - sensitive_importer be called, timestamp: 2014-08-13, start...
2014-09-11 14:37:21,065 - sensitive_importer be called, timestamp: 2014-08-13, game over, write 0 success
2014-09-11 14:37:33,264 - sensitive_importer be called, timestamp: 2014-08-14, start...
2014-09-11 14:37:33,272 - sensitive_importer be called, timestamp: 2014-08-14, game over, write 0 success
2014-09-11 14:37:33,274 - sensitive_importer be called, timestamp: 2014-08-15, start...
2014-09-11 14:37:33,280 - sensitive_importer be called, timestamp: 2014-08-15, game over, write 0 success
2014-09-11 14:37:33,282 - sensitive_importer be called, timestamp: 2014-08-16, start...
2014-09-11 14:37:33,289 - sensitive_importer be called, timestamp: 2014-08-16, game over, write 0 success
2014-09-11 14:37:33,291 - sensitive_importer be called, timestamp: 2014-08-17, start...
2014-09-11 14:37:33,298 - sensitive_importer be called, timestamp: 2014-08-17, game over, write 0 success
2014-09-11 14:37:33,299 - sensitive_importer be called, timestamp: 2014-08-18, start...
2014-09-11 14:37:33,308 - sensitive_importer be called, timestamp: 2014-08-18, game over, write 0 success
2014-09-11 14:37:33,309 - sensitive_importer be called, timestamp: 2014-08-19, start...
2014-09-11 14:37:33,315 - sensitive_importer be called, timestamp: 2014-08-19, game over, write 0 success
2014-09-11 14:37:33,317 - sensitive_importer be called, timestamp: 2014-08-20, start...
2014-09-11 14:37:33,324 - sensitive_importer be called, timestamp: 2014-08-20, game over, write 0 success
2014-09-11 14:37:33,326 - sensitive_importer be called, timestamp: 2014-08-21, start...
2014-09-11 14:37:33,333 - sensitive_importer be called, timestamp: 2014-08-21, game over, write 0 success
2014-09-11 14:37:33,334 - sensitive_importer be called, timestamp: 2014-08-22, start...
2014-09-11 14:37:33,340 - sensitive_importer be called, timestamp: 2014-08-22, game over, write 0 success
2014-09-11 14:37:33,342 - sensitive_importer be called, timestamp: 2014-08-23, start...
2014-09-11 14:37:33,354 - sensitive_importer be called, timestamp: 2014-08-23, game over, write 0 success
2014-09-11 14:37:33,356 - sensitive_importer be called, timestamp: 2014-08-24, start...
2014-09-11 14:37:33,363 - sensitive_importer be called, timestamp: 2014-08-24, game over, write 0 success
2014-09-11 14:37:33,364 - sensitive_importer be called, timestamp: 2014-08-25, start...
2014-09-11 14:37:33,371 - sensitive_importer be called, timestamp: 2014-08-25, game over, write 0 success
2014-09-11 14:37:33,373 - sensitive_importer be called, timestamp: 2014-08-26, start...
2014-09-11 14:37:33,381 - sensitive_importer be called, timestamp: 2014-08-26, game over, write 0 success
2014-09-11 14:37:33,383 - sensitive_importer be called, timestamp: 2014-08-27, start...
2014-09-11 14:37:33,394 - sensitive_importer be called, timestamp: 2014-08-27, game over, write 0 success
2014-09-11 14:37:33,396 - sensitive_importer be called, timestamp: 2014-08-28, start...
2014-09-11 14:37:33,409 - sensitive_importer be called, timestamp: 2014-08-28, game over, write 0 success
2014-09-11 14:37:33,411 - sensitive_importer be called, timestamp: 2014-08-29, start...
2014-09-11 14:37:33,419 - sensitive_importer be called, timestamp: 2014-08-29, game over, write 0 success
2014-09-11 14:37:33,420 - sensitive_importer be called, timestamp: 2014-08-30, start...
2014-09-11 14:37:33,429 - sensitive_importer be called, timestamp: 2014-08-30, game over, write 0 success
2014-09-11 14:37:33,430 - sensitive_importer be called, timestamp: 2014-08-31, start...
2014-09-11 14:37:33,436 - sensitive_importer be called, timestamp: 2014-08-31, game over, write 0 success
2014-09-11 14:37:33,438 - sensitive_importer be called, timestamp: 2014-09-01, start...
2014-09-11 14:37:33,445 - sensitive_importer be called, timestamp: 2014-09-01, game over, write 0 success
2014-09-11 14:37:33,446 - sensitive_importer be called, timestamp: 2014-09-02, start...
2014-09-11 14:37:33,454 - sensitive_importer be called, timestamp: 2014-09-02, game over, write 0 success
2014-09-11 14:37:33,456 - sensitive_importer be called, timestamp: 2014-09-03, start...
2014-09-11 14:37:33,463 - sensitive_importer be called, timestamp: 2014-09-03, game over, write 0 success
